TN:
SF:lib/index.js
FN:6,Object.<anonymous>
FNF:1
FNH:1
FNDA:3,Object.<anonymous>
DA:1,1
DA:2,1
DA:3,1
DA:4,1
DA:5,1
DA:6,1
LF:6
LH:6
BRDA:6,0,0,3
BRDA:6,1,0,3
BRF:2
BRH:2
end_of_record
TN:
SF:lib/Client/Client.js
FN:27,Object.<anonymous>
FN:7,Client
FN:12,getServers
FN:19,getPermissions
FNF:4
FNH:4
FNDA:3,Object.<anonymous>
FNDA:5,Client
FNDA:3,getServers
FNDA:2,getPermissions
DA:1,1
DA:2,1
DA:3,1
DA:4,1
DA:5,1
DA:6,1
DA:7,1
DA:8,5
DA:9,5
DA:10,5
DA:11,5
DA:12,1
DA:13,3
DA:14,3
DA:15,1
DA:16,3
DA:17,3
DA:18,3
DA:19,1
DA:20,2
DA:21,2
DA:22,0
DA:23,2
DA:24,2
DA:25,2
DA:26,1
DA:27,1
LF:27
LH:26
BRDA:27,0,0,3
BRDA:27,1,0,3
BRDA:7,2,0,5
BRDA:12,3,0,3
BRDA:13,4,0,3
BRDA:14,5,0,1
BRDA:19,6,0,2
BRDA:20,7,0,2
BRF:8
BRH:8
end_of_record
TN:
SF:lib/Client/classes/Server.js
FN:71,Object.<anonymous>
FN:6,Server
FN:16,getInfo
FN:26,sendCommand
FN:48,sendPowerComamnd
FNF:5
FNH:3
FNDA:3,Object.<anonymous>
FNDA:7,Server
FNDA:0,getInfo
FNDA:1,sendCommand
FNDA:0,sendPowerComamnd
DA:1,1
DA:2,1
DA:3,1
DA:4,1
DA:5,1
DA:6,1
DA:7,7
DA:8,7
DA:9,7
DA:10,7
DA:11,7
DA:12,7
DA:13,7
DA:14,7
DA:15,7
DA:16,1
DA:17,0
DA:18,0
DA:19,0
DA:20,0
DA:21,0
DA:22,0
DA:23,0
DA:24,0
DA:25,0
DA:26,1
DA:27,1
DA:28,1
DA:29,1
DA:30,1
DA:31,1
DA:32,1
DA:33,1
DA:34,1
DA:35,1
DA:36,1
DA:37,1
DA:38,1
DA:39,0
DA:40,0
DA:41,0
DA:42,0
DA:43,0
DA:44,0
DA:45,0
DA:46,1
DA:47,1
DA:48,1
DA:49,0
DA:50,0
DA:51,0
DA:52,0
DA:53,0
DA:54,0
DA:55,0
DA:56,0
DA:57,0
DA:58,0
DA:59,0
DA:60,0
DA:61,0
DA:62,0
DA:63,0
DA:64,0
DA:65,0
DA:66,0
DA:67,0
DA:68,0
DA:69,0
DA:70,1
DA:71,1
LF:71
LH:34
BRDA:71,0,0,3
BRDA:71,1,0,3
BRDA:6,2,0,7
BRDA:26,3,0,1
BRDA:27,4,0,1
BRF:5
BRH:5
end_of_record
TN:
SF:lib/Client/servers/getPermissions.js
FN:19,Object.<anonymous>
FN:5,getPermissions
FNF:2
FNH:2
FNDA:3,Object.<anonymous>
FNDA:2,getPermissions
DA:1,1
DA:2,1
DA:3,1
DA:4,1
DA:5,2
DA:6,2
DA:7,2
DA:8,2
DA:9,2
DA:10,2
DA:11,2
DA:12,2
DA:13,2
DA:14,2
DA:15,0
DA:16,2
DA:17,2
DA:18,2
DA:19,1
LF:19
LH:18
BRDA:19,0,0,3
BRDA:19,1,0,3
BRDA:5,2,0,2
BRDA:6,3,0,2
BRF:4
BRH:4
end_of_record
TN:
SF:lib/Client/servers/getServers.js
FN:25,Object.<anonymous>
FN:7,getServers
FNF:2
FNH:2
FNDA:3,Object.<anonymous>
FNDA:3,getServers
DA:1,1
DA:2,1
DA:3,1
DA:4,1
DA:5,1
DA:6,1
DA:7,3
DA:8,3
DA:9,3
DA:10,3
DA:11,3
DA:12,3
DA:13,3
DA:14,3
DA:15,3
DA:16,1
DA:17,1
DA:18,7
DA:19,7
DA:20,7
DA:21,1
DA:22,3
DA:23,3
DA:24,3
DA:25,1
LF:25
LH:25
BRDA:25,0,0,3
BRDA:25,1,0,3
BRDA:7,2,0,3
BRDA:8,3,0,3
BRDA:15,4,0,1
BRDA:15,5,0,1
BRDA:17,6,0,7
BRF:7
BRH:7
end_of_record
