TN:
SF:lib/index.js
FN:6,Object.<anonymous>
FNF:1
FNH:1
FNDA:2,Object.<anonymous>
DA:1,1
DA:2,1
DA:3,1
DA:4,1
DA:5,1
DA:6,1
LF:6
LH:6
BRDA:6,0,0,2
BRDA:6,1,0,2
BRF:2
BRH:2
end_of_record
TN:
SF:lib/Client/Client.js
FN:27,Object.<anonymous>
FN:7,Client
FN:12,getServers
FN:19,getPermissions
FNF:4
FNH:4
FNDA:2,Object.<anonymous>
FNDA:2,Client
FNDA:1,getServers
FNDA:1,getPermissions
DA:1,1
DA:2,1
DA:3,1
DA:4,1
DA:5,1
DA:6,1
DA:7,1
DA:8,2
DA:9,2
DA:10,2
DA:11,2
DA:12,1
DA:13,1
DA:14,1
DA:15,0
DA:16,1
DA:17,1
DA:18,1
DA:19,1
DA:20,1
DA:21,1
DA:22,0
DA:23,1
DA:24,1
DA:25,1
DA:26,1
DA:27,1
LF:27
LH:25
BRDA:27,0,0,2
BRDA:27,1,0,2
BRDA:7,2,0,2
BRDA:12,3,0,1
BRDA:13,4,0,1
BRDA:19,5,0,1
BRDA:20,6,0,1
BRF:7
BRH:7
end_of_record
TN:
SF:lib/Client/classes/Server.js
FN:71,Object.<anonymous>
FN:6,Server
FN:16,getInfo
FN:26,sendCommand
FN:48,sendPowerComamnd
FNF:5
FNH:1
FNDA:2,Object.<anonymous>
FNDA:0,Server
FNDA:0,getInfo
FNDA:0,sendCommand
FNDA:0,sendPowerComamnd
DA:1,1
DA:2,1
DA:3,1
DA:4,1
DA:5,1
DA:6,1
DA:7,0
DA:8,0
DA:9,0
DA:10,0
DA:11,0
DA:12,0
DA:13,0
DA:14,0
DA:15,0
DA:16,1
DA:17,0
DA:18,0
DA:19,0
DA:20,0
DA:21,0
DA:22,0
DA:23,0
DA:24,0
DA:25,0
DA:26,1
DA:27,0
DA:28,0
DA:29,0
DA:30,0
DA:31,0
DA:32,0
DA:33,0
DA:34,0
DA:35,0
DA:36,0
DA:37,0
DA:38,0
DA:39,0
DA:40,0
DA:41,0
DA:42,0
DA:43,0
DA:44,0
DA:45,0
DA:46,0
DA:47,0
DA:48,1
DA:49,0
DA:50,0
DA:51,0
DA:52,0
DA:53,0
DA:54,0
DA:55,0
DA:56,0
DA:57,0
DA:58,0
DA:59,0
DA:60,0
DA:61,0
DA:62,0
DA:63,0
DA:64,0
DA:65,0
DA:66,0
DA:67,0
DA:68,0
DA:69,0
DA:70,1
DA:71,1
LF:71
LH:11
BRDA:71,0,0,2
BRDA:71,1,0,2
BRF:2
BRH:2
end_of_record
TN:
SF:lib/Client/servers/getPermissions.js
FN:19,Object.<anonymous>
FN:5,getPermissions
FNF:2
FNH:2
FNDA:2,Object.<anonymous>
FNDA:1,getPermissions
DA:1,1
DA:2,1
DA:3,1
DA:4,1
DA:5,1
DA:6,1
DA:7,1
DA:8,1
DA:9,1
DA:10,1
DA:11,1
DA:12,1
DA:13,1
DA:14,1
DA:15,0
DA:16,1
DA:17,1
DA:18,1
DA:19,1
LF:19
LH:18
BRDA:19,0,0,2
BRDA:19,1,0,2
BRDA:5,2,0,1
BRDA:6,3,0,1
BRF:4
BRH:4
end_of_record
TN:
SF:lib/Client/servers/getServers.js
FN:25,Object.<anonymous>
FN:7,getServers
FNF:2
FNH:2
FNDA:2,Object.<anonymous>
FNDA:1,getServers
DA:1,1
DA:2,1
DA:3,1
DA:4,1
DA:5,1
DA:6,1
DA:7,1
DA:8,1
DA:9,1
DA:10,1
DA:11,1
DA:12,1
DA:13,1
DA:14,1
DA:15,1
DA:16,0
DA:17,0
DA:18,0
DA:19,0
DA:20,0
DA:21,0
DA:22,1
DA:23,1
DA:24,1
DA:25,1
LF:25
LH:19
BRDA:25,0,0,2
BRDA:25,1,0,2
BRDA:7,2,0,1
BRDA:8,3,0,1
BRF:4
BRH:4
end_of_record
